Compiling build :dev to "resources/public/js/compiled/tictactoe.js" from ["src"]...
[32mSuccessfully compiled build :dev to "resources/public/js/compiled/tictactoe.js" in 0.622 seconds.[0m
notifying browser that file changed:  resources/public/js/compiled/out/goog/deps.js
notifying browser that file changed:  resources/public/js/compiled/out/cljs_deps.js
notifying browser that file changed:  resources/public/js/compiled/out/tictactoe/core.js
Compiling build :dev to "resources/public/js/compiled/tictactoe.js" from ["src"]...
[32mSuccessfully compiled build :dev to "resources/public/js/compiled/tictactoe.js" in 0.63 seconds.[0m
notifying browser that file changed:  resources/public/js/compiled/out/tictactoe/core.js
Compiling build :dev to "resources/public/js/compiled/tictactoe.js" from ["src"]...
[32mSuccessfully compiled build :dev to "resources/public/js/compiled/tictactoe.js" in 0.613 seconds.[0m
notifying browser that file changed:  resources/public/js/compiled/out/tictactoe/core.js
Compiling build :dev to "resources/public/js/compiled/tictactoe.js" from ["src"]...
[31mFailed to compile build :dev from ["src"] in 0.329 seconds.[0m
[36m----  Could not Read  src/tictactoe/core.cljs   line:16 ----[0m

  [1m/home/user/Documents/tictactoe/src/tictactoe/core.cljs [line 16, col 6] Invalid keyword: :.[0m

  [36m14[0m  [36m  [:div[0m
  [36m15[0m  [36m   [:h1 (:text @app-state)][0m
  [33m16[0m  [1m   [:]]])[0m
  [0m  [0m  [33m   /home/user/Documents/tictactoe/src/tictactoe/core.cljs [line 16, col 6] Invalid keyword: :.[0m
  [36m17[0m  [36m[0m
  [36m18[0m  [36m(reagent/render-component [tictactoe][0m
  [36m19[0m  [36m                          (. js/document (getElementById "app")))[0m

[36m----  Reader Error : Please see src/tictactoe/core.cljs  ----[0m
Compiling build :dev to "resources/public/js/compiled/tictactoe.js" from ["src"]...
[32mSuccessfully compiled build :dev to "resources/public/js/compiled/tictactoe.js" in 0.461 seconds.[0m
notifying browser that file changed:  resources/public/js/compiled/out/tictactoe/core.js
Compiling build :dev to "resources/public/js/compiled/tictactoe.js" from ["src"]...
[32mSuccessfully compiled build :dev to "resources/public/js/compiled/tictactoe.js" in 0.699 seconds.[0m
notifying browser that file changed:  resources/public/js/compiled/out/tictactoe/core.js
Compiling build :dev to "resources/public/js/compiled/tictactoe.js" from ["src"]...
[32mSuccessfully compiled build :dev to "resources/public/js/compiled/tictactoe.js" in 0.654 seconds.[0m
notifying browser that file changed:  resources/public/js/compiled/out/tictactoe/core.js
Compiling build :dev to "resources/public/js/compiled/tictactoe.js" from ["src"]...
[32mSuccessfully compiled build :dev to "resources/public/js/compiled/tictactoe.js" in 0.565 seconds.[0m
notifying browser that file changed:  resources/public/js/compiled/out/tictactoe/core.js
Compiling build :dev to "resources/public/js/compiled/tictactoe.js" from ["src"]...
[32mSuccessfully compiled build :dev to "resources/public/js/compiled/tictactoe.js" in 0.433 seconds.[0m
notifying browser that file changed:  resources/public/js/compiled/out/tictactoe/core.js
Compiling build :dev to "resources/public/js/compiled/tictactoe.js" from ["src"]...
[32mSuccessfully compiled build :dev to "resources/public/js/compiled/tictactoe.js" in 0.574 seconds.[0m
notifying browser that file changed:  resources/public/js/compiled/out/tictactoe/core.js
Compiling build :dev to "resources/public/js/compiled/tictactoe.js" from ["src"]...
[32mSuccessfully compiled build :dev to "resources/public/js/compiled/tictactoe.js" in 0.662 seconds.[0m
notifying browser that file changed:  resources/public/js/compiled/out/tictactoe/core.js
Compiling build :dev to "resources/public/js/compiled/tictactoe.js" from ["src"]...
[32mSuccessfully compiled build :dev to "resources/public/js/compiled/tictactoe.js" in 0.453 seconds.[0m
notifying browser that file changed:  resources/public/js/compiled/out/tictactoe/core.js
Compiling build :dev to "resources/public/js/compiled/tictactoe.js" from ["src"]...
[32mSuccessfully compiled build :dev to "resources/public/js/compiled/tictactoe.js" in 0.449 seconds.[0m
notifying browser that file changed:  resources/public/js/compiled/out/tictactoe/core.js
Compiling build :dev to "resources/public/js/compiled/tictactoe.js" from ["src"]...
[32mSuccessfully compiled build :dev to "resources/public/js/compiled/tictactoe.js" in 0.664 seconds.[0m
notifying browser that file changed:  resources/public/js/compiled/out/tictactoe/core.js
Compiling build :dev to "resources/public/js/compiled/tictactoe.js" from ["src"]...
[31mFailed to compile build :dev from ["src"] in 0.231 seconds.[0m
[36m----  Could not Analyze  src/tictactoe/core.cljs   line:23  column:5  ----[0m

  [1mWrong number of args (1) passed to: cljs.core/for[0m

  [36m21[0m  [36m     :width 500[0m
  [36m22[0m  [36m     :height 500}[0m
  [33m23[0m  [1m    (for [i ()])]])[0m
  [0m  [0m  [33m    ^--- Wrong number of args (1) passed to: cljs.core/for[0m
  [36m24[0m  [36m[0m
  [36m25[0m  [36m(reagent/render-component [tictactoe][0m
  [36m26[0m  [36m                          (. js/document (getElementById "app")))[0m

[36m----  Analysis Error : Please see src/tictactoe/core.cljs  ----[0m
Compiling build :dev to "resources/public/js/compiled/tictactoe.js" from ["src"]...
[32mSuccessfully compiled build :dev to "resources/public/js/compiled/tictactoe.js" in 0.45 seconds.[0m
notifying browser that file changed:  resources/public/js/compiled/out/tictactoe/core.js
Compiling build :dev to "resources/public/js/compiled/tictactoe.js" from ["src"]...
[32mSuccessfully compiled build :dev to "resources/public/js/compiled/tictactoe.js" in 0.447 seconds.[0m
notifying browser that file changed:  resources/public/js/compiled/out/tictactoe/core.js
Compiling build :dev to "resources/public/js/compiled/tictactoe.js" from ["src"]...
[32mSuccessfully compiled build :dev to "resources/public/js/compiled/tictactoe.js" in 0.436 seconds.[0m
notifying browser that file changed:  resources/public/js/compiled/out/tictactoe/core.js
Compiling build :dev to "resources/public/js/compiled/tictactoe.js" from ["src"]...
[32mSuccessfully compiled build :dev to "resources/public/js/compiled/tictactoe.js" in 0.451 seconds.[0m
notifying browser that file changed:  resources/public/js/compiled/out/tictactoe/core.js
Compiling build :dev to "resources/public/js/compiled/tictactoe.js" from ["src"]...
[32mSuccessfully compiled build :dev to "resources/public/js/compiled/tictactoe.js" in 0.493 seconds.[0m
notifying browser that file changed:  resources/public/js/compiled/out/tictactoe/core.js
Compiling build :dev to "resources/public/js/compiled/tictactoe.js" from ["src"]...
[32mSuccessfully compiled build :dev to "resources/public/js/compiled/tictactoe.js" in 0.717 seconds.[0m
notifying browser that file changed:  resources/public/js/compiled/out/goog/deps.js
notifying browser that file changed:  resources/public/js/compiled/out/cljs_deps.js
notifying browser that file changed:  resources/public/js/compiled/out/tictactoe/core.js
Compiling build :dev to "resources/public/js/compiled/tictactoe.js" from ["src"]...
[32mSuccessfully compiled build :dev to "resources/public/js/compiled/tictactoe.js" in 0.675 seconds.[0m
notifying browser that file changed:  resources/public/js/compiled/out/tictactoe/core.js
Compiling build :dev to "resources/public/js/compiled/tictactoe.js" from ["src"]...
[32mSuccessfully compiled build :dev to "resources/public/js/compiled/tictactoe.js" in 0.46 seconds.[0m
notifying browser that file changed:  resources/public/js/compiled/out/tictactoe/core.js
Compiling build :dev to "resources/public/js/compiled/tictactoe.js" from ["src"]...
[32mSuccessfully compiled build :dev to "resources/public/js/compiled/tictactoe.js" in 0.531 seconds.[0m
notifying browser that file changed:  resources/public/js/compiled/out/tictactoe/core.js
Compiling build :dev to "resources/public/js/compiled/tictactoe.js" from ["src"]...
[32mSuccessfully compiled build :dev to "resources/public/js/compiled/tictactoe.js" in 0.794 seconds.[0m
notifying browser that file changed:  resources/public/js/compiled/out/tictactoe/core.js
Compiling build :dev to "resources/public/js/compiled/tictactoe.js" from ["src"]...
[32mSuccessfully compiled build :dev to "resources/public/js/compiled/tictactoe.js" in 0.664 seconds.[0m
notifying browser that file changed:  resources/public/js/compiled/out/tictactoe/core.js
Compiling build :dev to "resources/public/js/compiled/tictactoe.js" from ["src"]...
[36m----  Compiler Warning on   src/tictactoe/core.cljs   line:33  column:18  ----[0m

  [1mWrong number of args (0) passed to cljs.core/swap![0m

  [36m29[0m  [36m              :y j[0m
  [36m30[0m  [36m              :on-click[0m
  [36m31[0m  [36m               (fn react-click [e][0m
  [36m32[0m  [36m                 (prn "You clicked me!")[0m
  [33m33[0m  [1m                 (swap! ))}])]])[0m
  [0m  [0m  [33m                 ^--- Wrong number of args (0) passed to cljs.core/swap![0m
  [36m34[0m  [36m[0m
  [36m35[0m  [36m(reagent/render-component [tictactoe][0m
  [36m36[0m  [36m                          (. js/document (getElementById "app")))[0m
  [36m37[0m  [36m[0m
  [36m38[0m  [36m(defn on-js-reload [][0m

[36m----  Compiler Warning : Please see src/tictactoe/core.cljs  ----[0m
[36m----  Compiler Warning on   src/tictactoe/core.cljs   line:33  column:18  ----[0m

  [1mWrong number of args (0) passed to cljs.core/swap![0m

  [36m29[0m  [36m              :y j[0m
  [36m30[0m  [36m              :on-click[0m
  [36m31[0m  [36m               (fn react-click [e][0m
  [36m32[0m  [36m                 (prn "You clicked me!")[0m
  [33m33[0m  [1m                 (swap! ))}])]])[0m
  [0m  [0m  [33m                 ^--- Wrong number of args (0) passed to cljs.core/swap![0m
  [36m34[0m  [36m[0m
  [36m35[0m  [36m(reagent/render-component [tictactoe][0m
  [36m36[0m  [36m                          (. js/document (getElementById "app")))[0m
  [36m37[0m  [36m[0m
  [36m38[0m  [36m(defn on-js-reload [][0m

[36m----  Compiler Warning : Please see src/tictactoe/core.cljs  ----[0m
[32mSuccessfully compiled build :dev to "resources/public/js/compiled/tictactoe.js" in 0.596 seconds.[0m
notifying browser that file changed:  resources/public/js/compiled/out/tictactoe/core.js
Compiling build :dev to "resources/public/js/compiled/tictactoe.js" from ["src"]...
[36m----  Compiler Warning on   src/tictactoe/core.cljs   line:33  column:18  ----[0m

  [1mWrong number of args (1) passed to cljs.core/swap![0m

  [36m29[0m  [36m              :y j[0m
  [36m30[0m  [36m              :on-click[0m
  [36m31[0m  [36m               (fn react-click [e][0m
  [36m32[0m  [36m                 (prn "You clicked me!")[0m
  [33m33[0m  [1m                 (swap! app-state ))}])]])[0m
  [0m  [0m  [33m                 ^--- Wrong number of args (1) passed to cljs.core/swap![0m
  [36m34[0m  [36m[0m
  [36m35[0m  [36m(reagent/render-component [tictactoe][0m
  [36m36[0m  [36m                          (. js/document (getElementById "app")))[0m
  [36m37[0m  [36m[0m
  [36m38[0m  [36m(defn on-js-reload [][0m

[36m----  Compiler Warning : Please see src/tictactoe/core.cljs  ----[0m
[36m----  Compiler Warning on   src/tictactoe/core.cljs   line:33  column:18  ----[0m

  [1mWrong number of args (1) passed to cljs.core/swap![0m

  [36m29[0m  [36m              :y j[0m
  [36m30[0m  [36m              :on-click[0m
  [36m31[0m  [36m               (fn react-click [e][0m
  [36m32[0m  [36m                 (prn "You clicked me!")[0m
  [33m33[0m  [1m                 (swap! app-state ))}])]])[0m
  [0m  [0m  [33m                 ^--- Wrong number of args (1) passed to cljs.core/swap![0m
  [36m34[0m  [36m[0m
  [36m35[0m  [36m(reagent/render-component [tictactoe][0m
  [36m36[0m  [36m                          (. js/document (getElementById "app")))[0m
  [36m37[0m  [36m[0m
  [36m38[0m  [36m(defn on-js-reload [][0m

[36m----  Compiler Warning : Please see src/tictactoe/core.cljs  ----[0m
[32mSuccessfully compiled build :dev to "resources/public/js/compiled/tictactoe.js" in 0.458 seconds.[0m
notifying browser that file changed:  resources/public/js/compiled/out/tictactoe/core.js
Compiling build :dev to "resources/public/js/compiled/tictactoe.js" from ["src"]...
[32mSuccessfully compiled build :dev to "resources/public/js/compiled/tictactoe.js" in 0.454 seconds.[0m
notifying browser that file changed:  resources/public/js/compiled/out/tictactoe/core.js
Compiling build :dev to "resources/public/js/compiled/tictactoe.js" from ["src"]...
[32mSuccessfully compiled build :dev to "resources/public/js/compiled/tictactoe.js" in 0.744 seconds.[0m
notifying browser that file changed:  resources/public/js/compiled/out/tictactoe/core.js
Compiling build :dev to "resources/public/js/compiled/tictactoe.js" from ["src"]...
[32mSuccessfully compiled build :dev to "resources/public/js/compiled/tictactoe.js" in 0.407 seconds.[0m
notifying browser that file changed:  resources/public/js/compiled/out/tictactoe/core.js
Compiling build :dev to "resources/public/js/compiled/tictactoe.js" from ["src"]...
[31mFailed to compile build :dev from ["src"] in 0.198 seconds.[0m
[36m----  Could not Read  src/tictactoe/core.cljs   line:34 ----[0m

  [1m/home/user/Documents/tictactoe/src/tictactoe/core.cljs [line 34, col 69] The map literal starting with :width on line 25 column 14 contains 13 form(s). Map literals must contain an even number of forms.[0m

  [36m32[0m  [36m              (fn react-click [e][0m
  [36m33[0m  [36m                (prn "You clicked me!")[0m
  [33m34[0m  [1m                (prn (swap! app-state update-in [:board j i] inc)))}])]])[0m
  [0m  [0m  [33m                /home/user/Documents/tictactoe/src/tictactoe/core.cljs [line 34, col 69] The map literal starting with :width on line 25 column 14 contains 13 form(s). Map literals must contain an even number of forms.[0m
  [36m35[0m  [36m[0m
  [36m36[0m  [36m(reagent/render-component [tictactoe][0m
  [36m37[0m  [36m                          (. js/document (getElementById "app")))[0m

[36m----  Reader Error : Please see src/tictactoe/core.cljs  ----[0m
Compiling build :dev to "resources/public/js/compiled/tictactoe.js" from ["src"]...
[31mFailed to compile build :dev from ["src"] in 0.206 seconds.[0m
[36m----  Could not Read  src/tictactoe/core.cljs   line:34 ----[0m

  [1m/home/user/Documents/tictactoe/src/tictactoe/core.cljs [line 34, col 69] The map literal starting with :width on line 25 column 14 contains 13 form(s). Map literals must contain an even number of forms.[0m

  [36m32[0m  [36m              (fn react-click [e][0m
  [36m33[0m  [36m                (prn "You clicked me!")[0m
  [33m34[0m  [1m                (prn (swap! app-state update-in [:board j i] inc)))}])]])[0m
  [0m  [0m  [33m                /home/user/Documents/tictactoe/src/tictactoe/core.cljs [line 34, col 69] The map literal starting with :width on line 25 column 14 contains 13 form(s). Map literals must contain an even number of forms.[0m
  [36m35[0m  [36m[0m
  [36m36[0m  [36m(reagent/render-component [tictactoe][0m
  [36m37[0m  [36m                          (. js/document (getElementById "app")))[0m

[36m----  Reader Error : Please see src/tictactoe/core.cljs  ----[0m
Compiling build :dev to "resources/public/js/compiled/tictactoe.js" from ["src"]...
[31mFailed to compile build :dev from ["src"] in 0.208 seconds.[0m
[36m----  Could not Read  src/tictactoe/core.cljs   line:34 ----[0m

  [1m/home/user/Documents/tictactoe/src/tictactoe/core.cljs [line 34, col 69] The map literal starting with :width on line 25 column 14 contains 13 form(s). Map literals must contain an even number of forms.[0m

  [36m32[0m  [36m              (fn react-click [e][0m
  [36m33[0m  [36m                (prn "You clicked me!")[0m
  [33m34[0m  [1m                (prn (swap! app-state update-in [:board j i] inc)))}])]])[0m
  [0m  [0m  [33m                /home/user/Documents/tictactoe/src/tictactoe/core.cljs [line 34, col 69] The map literal starting with :width on line 25 column 14 contains 13 form(s). Map literals must contain an even number of forms.[0m
  [36m35[0m  [36m[0m
  [36m36[0m  [36m(reagent/render-component [tictactoe][0m
  [36m37[0m  [36m                          (. js/document (getElementById "app")))[0m

[36m----  Reader Error : Please see src/tictactoe/core.cljs  ----[0m
Compiling build :dev to "resources/public/js/compiled/tictactoe.js" from ["src"]...
[31mFailed to compile build :dev from ["src"] in 0.192 seconds.[0m
[36m----  Could not Read  src/tictactoe/core.cljs   line:34 ----[0m

  [1m/home/user/Documents/tictactoe/src/tictactoe/core.cljs [line 34, col 69] The map literal starting with :width on line 25 column 14 contains 13 form(s). Map literals must contain an even number of forms.[0m

  [36m32[0m  [36m              (fn react-click [e][0m
  [36m33[0m  [36m                (prn "You clicked me!")[0m
  [33m34[0m  [1m                (prn (swap! app-state update-in [:board j i] inc)))}])]])[0m
  [0m  [0m  [33m                /home/user/Documents/tictactoe/src/tictactoe/core.cljs [line 34, col 69] The map literal starting with :width on line 25 column 14 contains 13 form(s). Map literals must contain an even number of forms.[0m
  [36m35[0m  [36m[0m
  [36m36[0m  [36m(reagent/render-component [tictactoe][0m
  [36m37[0m  [36m                          (. js/document (getElementById "app")))[0m

[36m----  Reader Error : Please see src/tictactoe/core.cljs  ----[0m
Compiling build :dev to "resources/public/js/compiled/tictactoe.js" from ["src"]...
[31mFailed to compile build :dev from ["src"] in 0.194 seconds.[0m
[36m----  Could not Read  src/tictactoe/core.cljs   line:34 ----[0m

  [1m/home/user/Documents/tictactoe/src/tictactoe/core.cljs [line 34, col 69] The map literal starting with :width on line 25 column 14 contains 13 form(s). Map literals must contain an even number of forms.[0m

  [36m32[0m  [36m              (fn react-click [e][0m
  [36m33[0m  [36m                (prn "You clicked me!")[0m
  [33m34[0m  [1m                (prn (swap! app-state update-in [:board j i] inc)))}])]])[0m
  [0m  [0m  [33m                /home/user/Documents/tictactoe/src/tictactoe/core.cljs [line 34, col 69] The map literal starting with :width on line 25 column 14 contains 13 form(s). Map literals must contain an even number of forms.[0m
  [36m35[0m  [36m[0m
  [36m36[0m  [36m(reagent/render-component [tictactoe][0m
  [36m37[0m  [36m                          (. js/document (getElementById "app")))[0m

[36m----  Reader Error : Please see src/tictactoe/core.cljs  ----[0m
Compiling build :dev to "resources/public/js/compiled/tictactoe.js" from ["src"]...
[31mFailed to compile build :dev from ["src"] in 0.211 seconds.[0m
[36m----  Could not Read  src/tictactoe/core.cljs   line:34 ----[0m

  [1m/home/user/Documents/tictactoe/src/tictactoe/core.cljs [line 34, col 69] The map literal starting with :width on line 25 column 14 contains 13 form(s). Map literals must contain an even number of forms.[0m

  [36m32[0m  [36m              (fn react-click [e][0m
  [36m33[0m  [36m                (prn "You clicked me!")[0m
  [33m34[0m  [1m                (prn (swap! app-state update-in [:board j i] inc)))}])]])[0m
  [0m  [0m  [33m                /home/user/Documents/tictactoe/src/tictactoe/core.cljs [line 34, col 69] The map literal starting with :width on line 25 column 14 contains 13 form(s). Map literals must contain an even number of forms.[0m
  [36m35[0m  [36m[0m
  [36m36[0m  [36m(reagent/render-component [tictactoe][0m
  [36m37[0m  [36m                          (. js/document (getElementById "app")))[0m

[36m----  Reader Error : Please see src/tictactoe/core.cljs  ----[0m
Compiling build :dev to "resources/public/js/compiled/tictactoe.js" from ["src"]...
[32mSuccessfully compiled build :dev to "resources/public/js/compiled/tictactoe.js" in 0.406 seconds.[0m
notifying browser that file changed:  resources/public/js/compiled/out/tictactoe/core.js
Compiling build :dev to "resources/public/js/compiled/tictactoe.js" from ["src"]...
[32mSuccessfully compiled build :dev to "resources/public/js/compiled/tictactoe.js" in 0.478 seconds.[0m
notifying browser that file changed:  resources/public/js/compiled/out/tictactoe/core.js
Compiling build :dev to "resources/public/js/compiled/tictactoe.js" from ["src"]...
[32mSuccessfully compiled build :dev to "resources/public/js/compiled/tictactoe.js" in 0.465 seconds.[0m
notifying browser that file changed:  resources/public/js/compiled/out/tictactoe/core.js
Compiling build :dev to "resources/public/js/compiled/tictactoe.js" from ["src"]...
[32mSuccessfully compiled build :dev to "resources/public/js/compiled/tictactoe.js" in 0.429 seconds.[0m
notifying browser that file changed:  resources/public/js/compiled/out/tictactoe/core.js
Compiling build :dev to "resources/public/js/compiled/tictactoe.js" from ["src"]...
[32mSuccessfully compiled build :dev to "resources/public/js/compiled/tictactoe.js" in 0.42 seconds.[0m
notifying browser that file changed:  resources/public/js/compiled/out/tictactoe/core.js
Compiling build :dev to "resources/public/js/compiled/tictactoe.js" from ["src"]...
[32mSuccessfully compiled build :dev to "resources/public/js/compiled/tictactoe.js" in 0.422 seconds.[0m
notifying browser that file changed:  resources/public/js/compiled/out/tictactoe/core.js
Compiling build :dev to "resources/public/js/compiled/tictactoe.js" from ["src"]...
[32mSuccessfully compiled build :dev to "resources/public/js/compiled/tictactoe.js" in 0.435 seconds.[0m
notifying browser that file changed:  resources/public/js/compiled/out/tictactoe/core.js
Compiling build :dev to "resources/public/js/compiled/tictactoe.js" from ["src"]...
[32mSuccessfully compiled build :dev to "resources/public/js/compiled/tictactoe.js" in 0.401 seconds.[0m
notifying browser that file changed:  resources/public/js/compiled/out/tictactoe/core.js
Compiling build :dev to "resources/public/js/compiled/tictactoe.js" from ["src"]...
[32mSuccessfully compiled build :dev to "resources/public/js/compiled/tictactoe.js" in 0.398 seconds.[0m
notifying browser that file changed:  resources/public/js/compiled/out/tictactoe/core.js
Compiling build :dev to "resources/public/js/compiled/tictactoe.js" from ["src"]...
[32mSuccessfully compiled build :dev to "resources/public/js/compiled/tictactoe.js" in 0.39 seconds.[0m
notifying browser that file changed:  resources/public/js/compiled/out/tictactoe/core.js
Compiling build :dev to "resources/public/js/compiled/tictactoe.js" from ["src"]...
[32mSuccessfully compiled build :dev to "resources/public/js/compiled/tictactoe.js" in 0.421 seconds.[0m
notifying browser that file changed:  resources/public/js/compiled/out/tictactoe/core.js
Compiling build :dev to "resources/public/js/compiled/tictactoe.js" from ["src"]...
[31mFailed to compile build :dev from ["src"] in 0.355 seconds.[0m
[36m----  Could not Analyze  src/tictactoe/core.cljs   line:23  column:5  ----[0m

  [1mWrong number of args (3) passed to: cljs.core/for[0m

  [36m21[0m  [36m :width 500[0m
  [36m22[0m  [36m :height 500}[0m
  [33m23[0m  [1m(for [i (range (count (:board @app-state)))[0m
  [0m  [0m  [33m^--- Wrong number of args (3) passed to: cljs.core/for[0m
  [36m24[0m  [36m      j (range (count (:board @app-state)))][0m
  [36m25[0m  [36m  (case )[0m
  [36m26[0m  [36m  [:rect {:width 0.9[0m

[36m----  Analysis Error : Please see src/tictactoe/core.cljs  ----[0m
Compiling build :dev to "resources/public/js/compiled/tictactoe.js" from ["src"]...
[31mFailed to compile build :dev from ["src"] in 0.312 seconds.[0m
[36m----  Could not Analyze  src/tictactoe/core.cljs   line:23  column:5  ----[0m

  [1mWrong number of args (3) passed to: cljs.core/for[0m

  [36m21[0m  [36m :width 500[0m
  [36m22[0m  [36m :height 500}[0m
  [33m23[0m  [1m(for [i (range (count (:board @app-state)))[0m
  [0m  [0m  [33m^--- Wrong number of args (3) passed to: cljs.core/for[0m
  [36m24[0m  [36m      j (range (count (:board @app-state)))][0m
  [36m25[0m  [36m  (case (get-in @app-state [:board j i]))[0m
  [36m26[0m  [36m  [:rect {:width 0.9[0m

[36m----  Analysis Error : Please see src/tictactoe/core.cljs  ----[0m
Compiling build :dev to "resources/public/js/compiled/tictactoe.js" from ["src"]...
[31mFailed to compile build :dev from ["src"] in 0.313 seconds.[0m
[36m----  Could not Analyze  src/tictactoe/core.cljs   line:23  column:5  ----[0m

  [1mWrong number of args (3) passed to: cljs.core/for[0m

  [36m21[0m  [36m :width 500[0m
  [36m22[0m  [36m :height 500}[0m
  [33m23[0m  [1m(for [i (range (count (:board @app-state)))[0m
  [0m  [0m  [33m^--- Wrong number of args (3) passed to: cljs.core/for[0m
  [36m24[0m  [36m      j (range (count (:board @app-state)))][0m
  [36m25[0m  [36m  (case (get-in @app-state [:board j i])[0m
  [36m26[0m  [36m    0 [blank i j][0m

[36m----  Analysis Error : Please see src/tictactoe/core.cljs  ----[0m
Compiling build :dev to "resources/public/js/compiled/tictactoe.js" from ["src"]...
[36m----  Compiler Warning on   src/tictactoe/core.cljs   line:26  column:12  ----[0m

  [1mUse of undeclared Var tictactoe.core/blank[0m

  [36m22[0m  [36m     :height 500}[0m
  [36m23[0m  [36m    (for [i (range (count (:board @app-state)))[0m
  [36m24[0m  [36m          j (range (count (:board @app-state)))][0m
  [36m25[0m  [36m      (case (get-in @app-state [:board j i])[0m
  [33m26[0m  [1m        0 [blank i j][0m
  [0m  [0m  [33m           ^--- Use of undeclared Var tictactoe.core/blank[0m
  [36m27[0m  [36m        1 [circle i j][0m
  [36m28[0m  [36m        2 [cross i j]))]])[0m
  [36m29[0m  [36m[0m
  [36m30[0m  [36m(reagent/render-component [tictactoe][0m
  [36m31[0m  [36m                          (. js/document (getElementById "app")))[0m

[36m----  Compiler Warning : Please see src/tictactoe/core.cljs  ----[0m
[36m----  Compiler Warning on   src/tictactoe/core.cljs   line:27  column:12  ----[0m

  [1mUse of undeclared Var tictactoe.core/circle[0m

  [36m23[0m  [36m    (for [i (range (count (:board @app-state)))[0m
  [36m24[0m  [36m          j (range (count (:board @app-state)))][0m
  [36m25[0m  [36m      (case (get-in @app-state [:board j i])[0m
  [36m26[0m  [36m        0 [blank i j][0m
  [33m27[0m  [1m        1 [circle i j][0m
  [0m  [0m  [33m           ^--- Use of undeclared Var tictactoe.core/circle[0m
  [36m28[0m  [36m        2 [cross i j]))]])[0m
  [36m29[0m  [36m[0m
  [36m30[0m  [36m(reagent/render-component [tictactoe][0m
  [36m31[0m  [36m                          (. js/document (getElementById "app")))[0m

[36m----  Compiler Warning : Please see src/tictactoe/core.cljs  ----[0m
[36m----  Compiler Warning on   src/tictactoe/core.cljs   line:28  column:12  ----[0m

  [1mUse of undeclared Var tictactoe.core/cross[0m

  [36m24[0m  [36m          j (range (count (:board @app-state)))][0m
  [36m25[0m  [36m      (case (get-in @app-state [:board j i])[0m
  [36m26[0m  [36m        0 [blank i j][0m
  [36m27[0m  [36m        1 [circle i j][0m
  [33m28[0m  [1m        2 [cross i j]))]])[0m
  [0m  [0m  [33m           ^--- Use of undeclared Var tictactoe.core/cross[0m
  [36m29[0m  [36m[0m
  [36m30[0m  [36m(reagent/render-component [tictactoe][0m
  [36m31[0m  [36m                          (. js/document (getElementById "app")))[0m
  [36m32[0m  [36m[0m
  [36m33[0m  [36m(defn on-js-reload [][0m

[36m----  Compiler Warning : Please see src/tictactoe/core.cljs  ----[0m
[36m----  Compiler Warning on   src/tictactoe/core.cljs   line:26  column:12  ----[0m

  [1mUse of undeclared Var tictactoe.core/blank[0m

  [36m22[0m  [36m     :height 500}[0m
  [36m23[0m  [36m    (for [i (range (count (:board @app-state)))[0m
  [36m24[0m  [36m          j (range (count (:board @app-state)))][0m
  [36m25[0m  [36m      (case (get-in @app-state [:board j i])[0m
  [33m26[0m  [1m        0 [blank i j][0m
  [0m  [0m  [33m           ^--- Use of undeclared Var tictactoe.core/blank[0m
  [36m27[0m  [36m        1 [circle i j][0m
  [36m28[0m  [36m        2 [cross i j]))]])[0m
  [36m29[0m  [36m[0m
  [36m30[0m  [36m(reagent/render-component [tictactoe][0m
  [36m31[0m  [36m                          (. js/document (getElementById "app")))[0m

[36m----  Compiler Warning : Please see src/tictactoe/core.cljs  ----[0m
[36m----  Compiler Warning on   src/tictactoe/core.cljs   line:27  column:12  ----[0m

  [1mUse of undeclared Var tictactoe.core/circle[0m

  [36m23[0m  [36m    (for [i (range (count (:board @app-state)))[0m
  [36m24[0m  [36m          j (range (count (:board @app-state)))][0m
  [36m25[0m  [36m      (case (get-in @app-state [:board j i])[0m
  [36m26[0m  [36m        0 [blank i j][0m
  [33m27[0m  [1m        1 [circle i j][0m
  [0m  [0m  [33m           ^--- Use of undeclared Var tictactoe.core/circle[0m
  [36m28[0m  [36m        2 [cross i j]))]])[0m
  [36m29[0m  [36m[0m
  [36m30[0m  [36m(reagent/render-component [tictactoe][0m
  [36m31[0m  [36m                          (. js/document (getElementById "app")))[0m

[36m----  Compiler Warning : Please see src/tictactoe/core.cljs  ----[0m
[36m----  Compiler Warning on   src/tictactoe/core.cljs   line:28  column:12  ----[0m

  [1mUse of undeclared Var tictactoe.core/cross[0m

  [36m24[0m  [36m          j (range (count (:board @app-state)))][0m
  [36m25[0m  [36m      (case (get-in @app-state [:board j i])[0m
  [36m26[0m  [36m        0 [blank i j][0m
  [36m27[0m  [36m        1 [circle i j][0m
  [33m28[0m  [1m        2 [cross i j]))]])[0m
  [0m  [0m  [33m           ^--- Use of undeclared Var tictactoe.core/cross[0m
  [36m29[0m  [36m[0m
  [36m30[0m  [36m(reagent/render-component [tictactoe][0m
  [36m31[0m  [36m                          (. js/document (getElementById "app")))[0m
  [36m32[0m  [36m[0m
  [36m33[0m  [36m(defn on-js-reload [][0m

[36m----  Compiler Warning : Please see src/tictactoe/core.cljs  ----[0m
[32mSuccessfully compiled build :dev to "resources/public/js/compiled/tictactoe.js" in 0.715 seconds.[0m
notifying browser that file changed:  resources/public/js/compiled/out/tictactoe/core.js
Compiling build :dev to "resources/public/js/compiled/tictactoe.js" from ["src"]...
[36m----  Compiler Warning on   src/tictactoe/core.cljs   line:20  column:12  ----[0m

  [1mUse of undeclared Var tictactoe.core/i[0m

  [36m16[0m  [36m(defn blank [i j])[0m
  [36m17[0m  [36m[:rect {:width 0.9[0m
  [36m18[0m  [36m        :height 0.9[0m
  [36m19[0m  [36m        :fill "green"[0m
  [33m20[0m  [1m        :x i[0m
  [0m  [0m  [33m           ^--- Use of undeclared Var tictactoe.core/i[0m
  [36m21[0m  [36m        :y j[0m
  [36m22[0m  [36m        :on-click[0m
  [36m23[0m  [36m        (fn react-click [e][0m
  [36m24[0m  [36m          (prn "You clicked me!")[0m
  [36m25[0m  [36m          (prn (swap! app-state update-in [:board j i] inc)))}][0m

[36m----  Compiler Warning : Please see src/tictactoe/core.cljs  ----[0m
[36m----  Compiler Warning on   src/tictactoe/core.cljs   line:21  column:12  ----[0m

  [1mUse of undeclared Var tictactoe.core/j[0m

  [36m17[0m  [36m[:rect {:width 0.9[0m
  [36m18[0m  [36m        :height 0.9[0m
  [36m19[0m  [36m        :fill "green"[0m
  [36m20[0m  [36m        :x i[0m
  [33m21[0m  [1m        :y j[0m
  [0m  [0m  [33m           ^--- Use of undeclared Var tictactoe.core/j[0m
  [36m22[0m  [36m        :on-click[0m
  [36m23[0m  [36m        (fn react-click [e][0m
  [36m24[0m  [36m          (prn "You clicked me!")[0m
  [36m25[0m  [36m          (prn (swap! app-state update-in [:board j i] inc)))}][0m

[36m----  Compiler Warning : Please see src/tictactoe/core.cljs  ----[0m
[36m----  Compiler Warning on   src/tictactoe/core.cljs   line:25  column:51  ----[0m

  [1mUse of undeclared Var tictactoe.core/j[0m

  [36m21[0m  [36m        :y j[0m
  [36m22[0m  [36m        :on-click[0m
  [36m23[0m  [36m        (fn react-click [e][0m
  [36m24[0m  [36m          (prn "You clicked me!")[0m
  [33m25[0m  [1m          (prn (swap! app-state update-in [:board j i] inc)))}][0m
  [0m  [0m  [33m                                                  ^--- Use of undeclared Var tictactoe.core/j[0m
  [36m26[0m  [36m[0m
  [36m27[0m  [36m(defn tictactoe [][0m
  [36m28[0m  [36m  [:center[0m
  [36m29[0m  [36m   [:h1 (:text @app-state)][0m
  [36m30[0m  [36m   [:svg[0m

[36m----  Compiler Warning : Please see src/tictactoe/core.cljs  ----[0m
[36m----  Compiler Warning on   src/tictactoe/core.cljs   line:25  column:53  ----[0m

  [1mUse of undeclared Var tictactoe.core/i[0m

  [36m21[0m  [36m        :y j[0m
  [36m22[0m  [36m        :on-click[0m
  [36m23[0m  [36m        (fn react-click [e][0m
  [36m24[0m  [36m          (prn "You clicked me!")[0m
  [33m25[0m  [1m          (prn (swap! app-state update-in [:board j i] inc)))}][0m
  [0m  [0m  [33m                                                    ^--- Use of undeclared Var tictactoe.core/i[0m
  [36m26[0m  [36m[0m
  [36m27[0m  [36m(defn tictactoe [][0m
  [36m28[0m  [36m  [:center[0m
  [36m29[0m  [36m   [:h1 (:text @app-state)][0m
  [36m30[0m  [36m   [:svg[0m

[36m----  Compiler Warning : Please see src/tictactoe/core.cljs  ----[0m
[36m----  Compiler Warning on   src/tictactoe/core.cljs   line:38  column:12  ----[0m

  [1mUse of undeclared Var tictactoe.core/circle[0m

  [36m34[0m  [36m    (for [i (range (count (:board @app-state)))[0m
  [36m35[0m  [36m          j (range (count (:board @app-state)))][0m
  [36m36[0m  [36m      (case (get-in @app-state [:board j i])[0m
  [36m37[0m  [36m        0 [blank i j][0m
  [33m38[0m  [1m        1 [circle i j][0m
  [0m  [0m  [33m           ^--- Use of undeclared Var tictactoe.core/circle[0m
  [36m39[0m  [36m        2 [cross i j]))]])[0m
  [36m40[0m  [36m[0m
  [36m41[0m  [36m(reagent/render-component [tictactoe][0m
  [36m42[0m  [36m                          (. js/document (getElementById "app")))[0m

[36m----  Compiler Warning : Please see src/tictactoe/core.cljs  ----[0m
[36m----  Compiler Warning on   src/tictactoe/core.cljs   line:39  column:12  ----[0m

  [1mUse of undeclared Var tictactoe.core/cross[0m

  [36m35[0m  [36m          j (range (count (:board @app-state)))][0m
  [36m36[0m  [36m      (case (get-in @app-state [:board j i])[0m
  [36m37[0m  [36m        0 [blank i j][0m
  [36m38[0m  [36m        1 [circle i j][0m
  [33m39[0m  [1m        2 [cross i j]))]])[0m
  [0m  [0m  [33m           ^--- Use of undeclared Var tictactoe.core/cross[0m
  [36m40[0m  [36m[0m
  [36m41[0m  [36m(reagent/render-component [tictactoe][0m
  [36m42[0m  [36m                          (. js/document (getElementById "app")))[0m
  [36m43[0m  [36m[0m
  [36m44[0m  [36m(defn on-js-reload [][0m

[36m----  Compiler Warning : Please see src/tictactoe/core.cljs  ----[0m
[36m----  Compiler Warning on   src/tictactoe/core.cljs   line:38  column:12  ----[0m

  [1mUse of undeclared Var tictactoe.core/circle[0m

  [36m34[0m  [36m    (for [i (range (count (:board @app-state)))[0m
  [36m35[0m  [36m          j (range (count (:board @app-state)))][0m
  [36m36[0m  [36m      (case (get-in @app-state [:board j i])[0m
  [36m37[0m  [36m        0 [blank i j][0m
  [33m38[0m  [1m        1 [circle i j][0m
  [0m  [0m  [33m           ^--- Use of undeclared Var tictactoe.core/circle[0m
  [36m39[0m  [36m        2 [cross i j]))]])[0m
  [36m40[0m  [36m[0m
  [36m41[0m  [36m(reagent/render-component [tictactoe][0m
  [36m42[0m  [36m                          (. js/document (getElementById "app")))[0m

[36m----  Compiler Warning : Please see src/tictactoe/core.cljs  ----[0m
[36m----  Compiler Warning on   src/tictactoe/core.cljs   line:39  column:12  ----[0m

  [1mUse of undeclared Var tictactoe.core/cross[0m

  [36m35[0m  [36m          j (range (count (:board @app-state)))][0m
  [36m36[0m  [36m      (case (get-in @app-state [:board j i])[0m
  [36m37[0m  [36m        0 [blank i j][0m
  [36m38[0m  [36m        1 [circle i j][0m
  [33m39[0m  [1m        2 [cross i j]))]])[0m
  [0m  [0m  [33m           ^--- Use of undeclared Var tictactoe.core/cross[0m
  [36m40[0m  [36m[0m
  [36m41[0m  [36m(reagent/render-component [tictactoe][0m
  [36m42[0m  [36m                          (. js/document (getElementById "app")))[0m
  [36m43[0m  [36m[0m
  [36m44[0m  [36m(defn on-js-reload [][0m

[36m----  Compiler Warning : Please see src/tictactoe/core.cljs  ----[0m
[32mSuccessfully compiled build :dev to "resources/public/js/compiled/tictactoe.js" in 0.729 seconds.[0m
notifying browser that file changed:  resources/public/js/compiled/out/tictactoe/core.js
Compiling build :dev to "resources/public/js/compiled/tictactoe.js" from ["src"]...
[36m----  Compiler Warning on   src/tictactoe/core.cljs   line:20  column:12  ----[0m

  [1mUse of undeclared Var tictactoe.core/i[0m

  [36m16[0m  [36m(defn blank [i j])[0m
  [36m17[0m  [36m[:rect {:width 0.9[0m
  [36m18[0m  [36m        :height 0.9[0m
  [36m19[0m  [36m        :fill "green"[0m
  [33m20[0m  [1m        :x i[0m
  [0m  [0m  [33m           ^--- Use of undeclared Var tictactoe.core/i[0m
  [36m21[0m  [36m        :y j[0m
  [36m22[0m  [36m        :on-click[0m
  [36m23[0m  [36m        (fn react-click [e][0m
  [36m24[0m  [36m          (prn "You clicked me!")[0m
  [36m25[0m  [36m          (prn (swap! app-state update-in [:board j i] inc)))}][0m

[36m----  Compiler Warning : Please see src/tictactoe/core.cljs  ----[0m
[36m----  Compiler Warning on   src/tictactoe/core.cljs   line:21  column:12  ----[0m

  [1mUse of undeclared Var tictactoe.core/j[0m

  [36m17[0m  [36m[:rect {:width 0.9[0m
  [36m18[0m  [36m        :height 0.9[0m
  [36m19[0m  [36m        :fill "green"[0m
  [36m20[0m  [36m        :x i[0m
  [33m21[0m  [1m        :y j[0m
  [0m  [0m  [33m           ^--- Use of undeclared Var tictactoe.core/j[0m
  [36m22[0m  [36m        :on-click[0m
  [36m23[0m  [36m        (fn react-click [e][0m
  [36m24[0m  [36m          (prn "You clicked me!")[0m
  [36m25[0m  [36m          (prn (swap! app-state update-in [:board j i] inc)))}][0m

[36m----  Compiler Warning : Please see src/tictactoe/core.cljs  ----[0m
[36m----  Compiler Warning on   src/tictactoe/core.cljs   line:25  column:51  ----[0m

  [1mUse of undeclared Var tictactoe.core/j[0m

  [36m21[0m  [36m        :y j[0m
  [36m22[0m  [36m        :on-click[0m
  [36m23[0m  [36m        (fn react-click [e][0m
  [36m24[0m  [36m          (prn "You clicked me!")[0m
  [33m25[0m  [1m          (prn (swap! app-state update-in [:board j i] inc)))}][0m
  [0m  [0m  [33m                                                  ^--- Use of undeclared Var tictactoe.core/j[0m
  [36m26[0m  [36m[0m
  [36m27[0m  [36m[0m
  [36m28[0m  [36m[0m
  [36m29[0m  [36m(defn tictactoe [][0m
  [36m30[0m  [36m  [:center[0m

[36m----  Compiler Warning : Please see src/tictactoe/core.cljs  ----[0m
[36m----  Compiler Warning on   src/tictactoe/core.cljs   line:25  column:53  ----[0m

  [1mUse of undeclared Var tictactoe.core/i[0m

  [36m21[0m  [36m        :y j[0m
  [36m22[0m  [36m        :on-click[0m
  [36m23[0m  [36m        (fn react-click [e][0m
  [36m24[0m  [36m          (prn "You clicked me!")[0m
  [33m25[0m  [1m          (prn (swap! app-state update-in [:board j i] inc)))}][0m
  [0m  [0m  [33m                                                    ^--- Use of undeclared Var tictactoe.core/i[0m
  [36m26[0m  [36m[0m
  [36m27[0m  [36m[0m
  [36m28[0m  [36m[0m
  [36m29[0m  [36m(defn tictactoe [][0m
  [36m30[0m  [36m  [:center[0m

[36m----  Compiler Warning : Please see src/tictactoe/core.cljs  ----[0m
[32mSuccessfully compiled build :dev to "resources/public/js/compiled/tictactoe.js" in 0.521 seconds.[0m
notifying browser that file changed:  resources/public/js/compiled/out/tictactoe/core.js
Compiling build :dev to "resources/public/js/compiled/tictactoe.js" from ["src"]...
[36m----  Compiler Warning on   src/tictactoe/core.cljs   line:41  column:12  ----[0m

  [1mUse of undeclared Var tictactoe.core/circle[0m

  [36m37[0m  [36m    (for [i (range (count (:board @app-state)))[0m
  [36m38[0m  [36m          j (range (count (:board @app-state)))][0m
  [36m39[0m  [36m      (case (get-in @app-state [:board j i])[0m
  [36m40[0m  [36m        0 [blank i j][0m
  [33m41[0m  [1m        1 [circle i j]))]])[0m
  [0m  [0m  [33m           ^--- Use of undeclared Var tictactoe.core/circle[0m
  [36m42[0m  [36m[0m
  [36m43[0m  [36m(reagent/render-component [tictactoe][0m
  [36m44[0m  [36m                          (. js/document (getElementById "app")))[0m
  [36m45[0m  [36m[0m
  [36m46[0m  [36m(defn on-js-reload [][0m

[36m----  Compiler Warning : Please see src/tictactoe/core.cljs  ----[0m
[36m----  Compiler Warning on   src/tictactoe/core.cljs   line:41  column:12  ----[0m

  [1mUse of undeclared Var tictactoe.core/circle[0m

  [36m37[0m  [36m    (for [i (range (count (:board @app-state)))[0m
  [36m38[0m  [36m          j (range (count (:board @app-state)))][0m
  [36m39[0m  [36m      (case (get-in @app-state [:board j i])[0m
  [36m40[0m  [36m        0 [blank i j][0m
  [33m41[0m  [1m        1 [circle i j]))]])[0m
  [0m  [0m  [33m           ^--- Use of undeclared Var tictactoe.core/circle[0m
  [36m42[0m  [36m[0m
  [36m43[0m  [36m(reagent/render-component [tictactoe][0m
  [36m44[0m  [36m                          (. js/document (getElementById "app")))[0m
  [36m45[0m  [36m[0m
  [36m46[0m  [36m(defn on-js-reload [][0m

[36m----  Compiler Warning : Please see src/tictactoe/core.cljs  ----[0m
[32mSuccessfully compiled build :dev to "resources/public/js/compiled/tictactoe.js" in 0.733 seconds.[0m
notifying browser that file changed:  resources/public/js/compiled/out/tictactoe/core.js
Compiling build :dev to "resources/public/js/compiled/tictactoe.js" from ["src"]...
[32mSuccessfully compiled build :dev to "resources/public/js/compiled/tictactoe.js" in 0.607 seconds.[0m
notifying browser that file changed:  resources/public/js/compiled/out/tictactoe/core.js
Compiling build :dev to "resources/public/js/compiled/tictactoe.js" from ["src"]...
[32mSuccessfully compiled build :dev to "resources/public/js/compiled/tictactoe.js" in 0.456 seconds.[0m
notifying browser that file changed:  resources/public/js/compiled/out/tictactoe/core.js
Compiling build :dev to "resources/public/js/compiled/tictactoe.js" from ["src"]...
[32mSuccessfully compiled build :dev to "resources/public/js/compiled/tictactoe.js" in 0.405 seconds.[0m
notifying browser that file changed:  resources/public/js/compiled/out/tictactoe/core.js
Compiling build :dev to "resources/public/js/compiled/tictactoe.js" from ["src"]...
[32mSuccessfully compiled build :dev to "resources/public/js/compiled/tictactoe.js" in 0.695 seconds.[0m
notifying browser that file changed:  resources/public/js/compiled/out/goog/deps.js
notifying browser that file changed:  resources/public/js/compiled/out/cljs_deps.js
notifying browser that file changed:  resources/public/js/compiled/out/tictactoe/core.js
Compiling build :dev to "resources/public/js/compiled/tictactoe.js" from ["src"]...
[32mSuccessfully compiled build :dev to "resources/public/js/compiled/tictactoe.js" in 0.812 seconds.[0m
notifying browser that file changed:  resources/public/js/compiled/out/tictactoe/core.js
Compiling build :dev to "resources/public/js/compiled/tictactoe.js" from ["src"]...
[32mSuccessfully compiled build :dev to "resources/public/js/compiled/tictactoe.js" in 0.447 seconds.[0m
notifying browser that file changed:  resources/public/js/compiled/out/tictactoe/core.js
Compiling build :dev to "resources/public/js/compiled/tictactoe.js" from ["src"]...
[32mSuccessfully compiled build :dev to "resources/public/js/compiled/tictactoe.js" in 0.494 seconds.[0m
notifying browser that file changed:  resources/public/js/compiled/out/tictactoe/core.js
Compiling build :dev to "resources/public/js/compiled/tictactoe.js" from ["src"]...
[32mSuccessfully compiled build :dev to "resources/public/js/compiled/tictactoe.js" in 0.442 seconds.[0m
notifying browser that file changed:  resources/public/js/compiled/out/tictactoe/core.js
Compiling build :dev to "resources/public/js/compiled/tictactoe.js" from ["src"]...
[32mSuccessfully compiled build :dev to "resources/public/js/compiled/tictactoe.js" in 0.407 seconds.[0m
notifying browser that file changed:  resources/public/js/compiled/out/tictactoe/core.js
Compiling build :dev to "resources/public/js/compiled/tictactoe.js" from ["src"]...
[32mSuccessfully compiled build :dev to "resources/public/js/compiled/tictactoe.js" in 0.437 seconds.[0m
notifying browser that file changed:  resources/public/js/compiled/out/tictactoe/core.js
Compiling build :dev to "resources/public/js/compiled/tictactoe.js" from ["src"]...
[32mSuccessfully compiled build :dev to "resources/public/js/compiled/tictactoe.js" in 0.425 seconds.[0m
notifying browser that file changed:  resources/public/js/compiled/out/tictactoe/core.js
Compiling build :dev to "resources/public/js/compiled/tictactoe.js" from ["src"]...
[32mSuccessfully compiled build :dev to "resources/public/js/compiled/tictactoe.js" in 0.425 seconds.[0m
notifying browser that file changed:  resources/public/js/compiled/out/tictactoe/core.js
Compiling build :dev to "resources/public/js/compiled/tictactoe.js" from ["src"]...
[32mSuccessfully compiled build :dev to "resources/public/js/compiled/tictactoe.js" in 0.762 seconds.[0m
notifying browser that file changed:  resources/public/js/compiled/out/tictactoe/core.js
Compiling build :dev to "resources/public/js/compiled/tictactoe.js" from ["src"]...
[32mSuccessfully compiled build :dev to "resources/public/js/compiled/tictactoe.js" in 0.65 seconds.[0m
notifying browser that file changed:  resources/public/js/compiled/out/tictactoe/core.js
Compiling build :dev to "resources/public/js/compiled/tictactoe.js" from ["src"]...
[36m----  Compiler Warning on   src/tictactoe/core.cljs   line:60  column:3  ----[0m

  [1mWrong number of args (0) passed to cljs.core/swap![0m

  [36m56[0m  [36m;; optionally touch your app-state to force rerendering depending on[0m
  [36m57[0m  [36m;; your application[0m
  [36m58[0m  [36m;; (swap! app-state update-in [:__figwheel_counter] inc)[0m
  [36m59[0m  [36m; (swap! app-state assoc-in [:text] "Hi")[0m
  [33m60[0m  [1m(swap! )[0m
  [0m  [0m  [33m^--- Wrong number of args (0) passed to cljs.core/swap![0m
  [36m61[0m  [36m)[0m

[36m----  Compiler Warning : Please see src/tictactoe/core.cljs  ----[0m
[32mSuccessfully compiled build :dev to "resources/public/js/compiled/tictactoe.js" in 0.674 seconds.[0m
notifying browser that file changed:  resources/public/js/compiled/out/tictactoe/core.js
Compiling build :dev to "resources/public/js/compiled/tictactoe.js" from ["src"]...
[32mSuccessfully compiled build :dev to "resources/public/js/compiled/tictactoe.js" in 0.439 seconds.[0m
notifying browser that file changed:  resources/public/js/compiled/out/tictactoe/core.js
Compiling build :dev to "resources/public/js/compiled/tictactoe.js" from ["src"]...
[32mSuccessfully compiled build :dev to "resources/public/js/compiled/tictactoe.js" in 0.44 seconds.[0m
notifying browser that file changed:  resources/public/js/compiled/out/tictactoe/core.js
Compiling build :dev to "resources/public/js/compiled/tictactoe.js" from ["src"]...
[32mSuccessfully compiled build :dev to "resources/public/js/compiled/tictactoe.js" in 0.429 seconds.[0m
notifying browser that file changed:  resources/public/js/compiled/out/tictactoe/core.js
Compiling build :dev to "resources/public/js/compiled/tictactoe.js" from ["src"]...
[32mSuccessfully compiled build :dev to "resources/public/js/compiled/tictactoe.js" in 0.458 seconds.[0m
notifying browser that file changed:  resources/public/js/compiled/out/tictactoe/core.js
Compiling build :dev to "resources/public/js/compiled/tictactoe.js" from ["src"]...
[32mSuccessfully compiled build :dev to "resources/public/js/compiled/tictactoe.js" in 0.456 seconds.[0m
notifying browser that file changed:  resources/public/js/compiled/out/tictactoe/core.js
Compiling build :dev to "resources/public/js/compiled/tictactoe.js" from ["src"]...
[31mFailed to compile build :dev from ["src"] in 0.274 seconds.[0m
[36m----  Could not Read  src/tictactoe/core.cljs   line:38 ----[0m

  [1m/home/user/Documents/tictactoe/src/tictactoe/core.cljs [line 38, col 21] The map literal starting with :stroke on line 35 column 8 contains 7 form(s). Map literals must contain an even number of forms.[0m

  [36m36[0m  [36m    :stroke-width 0.2[0m
  [36m37[0m  [36m    :stroke-linecap "round"[0m
  [33m38[0m  [1m    :transform }[0m
  [0m  [0m  [33m    /home/user/Documents/tictactoe/src/tictactoe/core.cljs [line 38, col 21] The map literal starting with :stroke on line 35 column 8 contains 7 form(s). Map literals must contain an even number of forms.[0m
  [36m39[0m  [36m[:line {:x1 0 :y1 0 :x2 1 :y2 1}][0m
  [36m40[0m  [36m[:line {:x1 1 :y1 0 :x2 0 :y2 1}]])[0m

[36m----  Reader Error : Please see src/tictactoe/core.cljs  ----[0m
Compiling build :dev to "resources/public/js/compiled/tictactoe.js" from ["src"]...
[32mSuccessfully compiled build :dev to "resources/public/js/compiled/tictactoe.js" in 0.438 seconds.[0m
notifying browser that file changed:  resources/public/js/compiled/out/tictactoe/core.js
Compiling build :dev to "resources/public/js/compiled/tictactoe.js" from ["src"]...
[32mSuccessfully compiled build :dev to "resources/public/js/compiled/tictactoe.js" in 0.422 seconds.[0m
notifying browser that file changed:  resources/public/js/compiled/out/tictactoe/core.js
Compiling build :dev to "resources/public/js/compiled/tictactoe.js" from ["src"]...
[32mSuccessfully compiled build :dev to "resources/public/js/compiled/tictactoe.js" in 0.436 seconds.[0m
notifying browser that file changed:  resources/public/js/compiled/out/tictactoe/core.js
Compiling build :dev to "resources/public/js/compiled/tictactoe.js" from ["src"]...
[32mSuccessfully compiled build :dev to "resources/public/js/compiled/tictactoe.js" in 0.448 seconds.[0m
notifying browser that file changed:  resources/public/js/compiled/out/tictactoe/core.js
Compiling build :dev to "resources/public/js/compiled/tictactoe.js" from ["src"]...
[32mSuccessfully compiled build :dev to "resources/public/js/compiled/tictactoe.js" in 0.431 seconds.[0m
notifying browser that file changed:  resources/public/js/compiled/out/tictactoe/core.js
Compiling build :dev to "resources/public/js/compiled/tictactoe.js" from ["src"]...
[32mSuccessfully compiled build :dev to "resources/public/js/compiled/tictactoe.js" in 0.427 seconds.[0m
notifying browser that file changed:  resources/public/js/compiled/out/tictactoe/core.js
Compiling build :dev to "resources/public/js/compiled/tictactoe.js" from ["src"]...
[32mSuccessfully compiled build :dev to "resources/public/js/compiled/tictactoe.js" in 0.434 seconds.[0m
notifying browser that file changed:  resources/public/js/compiled/out/tictactoe/core.js
Compiling build :dev to "resources/public/js/compiled/tictactoe.js" from ["src"]...
[32mSuccessfully compiled build :dev to "resources/public/js/compiled/tictactoe.js" in 0.423 seconds.[0m
notifying browser that file changed:  resources/public/js/compiled/out/tictactoe/core.js
Compiling build :dev to "resources/public/js/compiled/tictactoe.js" from ["src"]...
[32mSuccessfully compiled build :dev to "resources/public/js/compiled/tictactoe.js" in 0.478 seconds.[0m
notifying browser that file changed:  resources/public/js/compiled/out/tictactoe/core.js
Compiling build :dev to "resources/public/js/compiled/tictactoe.js" from ["src"]...
[32mSuccessfully compiled build :dev to "resources/public/js/compiled/tictactoe.js" in 0.396 seconds.[0m
notifying browser that file changed:  resources/public/js/compiled/out/tictactoe/core.js
Compiling build :dev to "resources/public/js/compiled/tictactoe.js" from ["src"]...
[32mSuccessfully compiled build :dev to "resources/public/js/compiled/tictactoe.js" in 0.431 seconds.[0m
notifying browser that file changed:  resources/public/js/compiled/out/tictactoe/core.js
Compiling build :dev to "resources/public/js/compiled/tictactoe.js" from ["src"]...
[32mSuccessfully compiled build :dev to "resources/public/js/compiled/tictactoe.js" in 0.45 seconds.[0m
notifying browser that file changed:  resources/public/js/compiled/out/tictactoe/core.js
Compiling build :dev to "resources/public/js/compiled/tictactoe.js" from ["src"]...
[32mSuccessfully compiled build :dev to "resources/public/js/compiled/tictactoe.js" in 0.401 seconds.[0m
notifying browser that file changed:  resources/public/js/compiled/out/tictactoe/core.js
Compiling build :dev to "resources/public/js/compiled/tictactoe.js" from ["src"]...
[32mSuccessfully compiled build :dev to "resources/public/js/compiled/tictactoe.js" in 0.428 seconds.[0m
notifying browser that file changed:  resources/public/js/compiled/out/tictactoe/core.js
Compiling build :dev to "resources/public/js/compiled/tictactoe.js" from ["src"]...
[32mSuccessfully compiled build :dev to "resources/public/js/compiled/tictactoe.js" in 0.476 seconds.[0m
notifying browser that file changed:  resources/public/js/compiled/out/tictactoe/core.js
Compiling build :dev to "resources/public/js/compiled/tictactoe.js" from ["src"]...
[32mSuccessfully compiled build :dev to "resources/public/js/compiled/tictactoe.js" in 0.47 seconds.[0m
notifying browser that file changed:  resources/public/js/compiled/out/tictactoe/core.js
Compiling build :dev to "resources/public/js/compiled/tictactoe.js" from ["src"]...
[32mSuccessfully compiled build :dev to "resources/public/js/compiled/tictactoe.js" in 0.434 seconds.[0m
notifying browser that file changed:  resources/public/js/compiled/out/tictactoe/core.js
Compiling build :dev to "resources/public/js/compiled/tictactoe.js" from ["src"]...
[32mSuccessfully compiled build :dev to "resources/public/js/compiled/tictactoe.js" in 0.503 seconds.[0m
notifying browser that file changed:  resources/public/js/compiled/out/tictactoe/core.js
Compiling build :dev to "resources/public/js/compiled/tictactoe.js" from ["src"]...
[36m----  Compiler Warning on   src/tictactoe/core.cljs   line:61  column:12  ----[0m

  [1mWrong number of args (0) passed to tictactoe.core/new-board[0m

  [36m57[0m  [36m        2 [cross i j]))][0m
  [36m58[0m  [36m   [:p [:button[0m
  [36m59[0m  [36m        {:on-click[0m
  [36m60[0m  [36m         (fn [e][0m
  [33m61[0m  [1m           (new-board))}[0m
  [0m  [0m  [33m           ^--- Wrong number of args (0) passed to tictactoe.core/new-board[0m
  [36m62[0m  [36m        "New Game"]]])[0m
  [36m63[0m  [36m[0m
  [36m64[0m  [36m(reagent/render-component [tictactoe][0m
  [36m65[0m  [36m                          (. js/document (getElementById "app")))[0m

[36m----  Compiler Warning : Please see src/tictactoe/core.cljs  ----[0m
[32mSuccessfully compiled build :dev to "resources/public/js/compiled/tictactoe.js" in 0.626 seconds.[0m
notifying browser that file changed:  resources/public/js/compiled/out/tictactoe/core.js
Compiling build :dev to "resources/public/js/compiled/tictactoe.js" from ["src"]...
[36m----  Compiler Warning on   src/tictactoe/core.cljs   line:61  column:12  ----[0m

  [1mWrong number of args (0) passed to tictactoe.core/new-board[0m

  [36m57[0m  [36m        2 [cross i j]))][0m
  [36m58[0m  [36m   [:p [:button[0m
  [36m59[0m  [36m        {:on-click[0m
  [36m60[0m  [36m         (fn new-game-click [e][0m
  [33m61[0m  [1m           (new-board))}[0m
  [0m  [0m  [33m           ^--- Wrong number of args (0) passed to tictactoe.core/new-board[0m
  [36m62[0m  [36m        "New Game"]]])[0m
  [36m63[0m  [36m[0m
  [36m64[0m  [36m(reagent/render-component [tictactoe][0m
  [36m65[0m  [36m                          (. js/document (getElementById "app")))[0m

[36m----  Compiler Warning : Please see src/tictactoe/core.cljs  ----[0m
[32mSuccessfully compiled build :dev to "resources/public/js/compiled/tictactoe.js" in 0.669 seconds.[0m
notifying browser that file changed:  resources/public/js/compiled/out/tictactoe/core.js
Compiling build :dev to "resources/public/js/compiled/tictactoe.js" from ["src"]...
[36m----  Compiler Warning on   src/tictactoe/core.cljs   line:61  column:12  ----[0m

  [1mWrong number of args (1) passed to cljs.core/swap![0m

  [36m57[0m  [36m        2 [cross i j]))][0m
  [36m58[0m  [36m   [:p [:button[0m
  [36m59[0m  [36m        {:on-click[0m
  [36m60[0m  [36m         (fn new-game-click [e][0m
  [33m61[0m  [1m           (swap! app-state ))}[0m
  [0m  [0m  [33m           ^--- Wrong number of args (1) passed to cljs.core/swap![0m
  [36m62[0m  [36m        "New Game"]]])[0m
  [36m63[0m  [36m[0m
  [36m64[0m  [36m(reagent/render-component [tictactoe][0m
  [36m65[0m  [36m                          (. js/document (getElementById "app")))[0m

[36m----  Compiler Warning : Please see src/tictactoe/core.cljs  ----[0m
[32mSuccessfully compiled build :dev to "resources/public/js/compiled/tictactoe.js" in 0.42 seconds.[0m
notifying browser that file changed:  resources/public/js/compiled/out/tictactoe/core.js
Compiling build :dev to "resources/public/js/compiled/tictactoe.js" from ["src"]...
[32mSuccessfully compiled build :dev to "resources/public/js/compiled/tictactoe.js" in 0.443 seconds.[0m
notifying browser that file changed:  resources/public/js/compiled/out/tictactoe/core.js
Compiling build :dev to "resources/public/js/compiled/tictactoe.js" from ["src"]...
[36m----  Compiler Warning on   src/tictactoe/core.cljs   line:61  column:36  ----[0m

  [1mWrong number of args (0) passed to tictactoe.core/new-board[0m

  [36m57[0m  [36m        2 [cross i j]))][0m
  [36m58[0m  [36m   [:p [:button[0m
  [36m59[0m  [36m        {:on-click[0m
  [36m60[0m  [36m         (fn new-game-click [e][0m
  [33m61[0m  [1m           (swap! app-state :assoc (new-board)))}[0m
  [0m  [0m  [33m                                   ^--- Wrong number of args (0) passed to tictactoe.core/new-board[0m
  [36m62[0m  [36m        "New Game"]]])[0m
  [36m63[0m  [36m[0m
  [36m64[0m  [36m(reagent/render-component [tictactoe][0m
  [36m65[0m  [36m                          (. js/document (getElementById "app")))[0m

[36m----  Compiler Warning : Please see src/tictactoe/core.cljs  ----[0m
[32mSuccessfully compiled build :dev to "resources/public/js/compiled/tictactoe.js" in 0.613 seconds.[0m
notifying browser that file changed:  resources/public/js/compiled/out/tictactoe/core.js
Compiling build :dev to "resources/public/js/compiled/tictactoe.js" from ["src"]...
[32mSuccessfully compiled build :dev to "resources/public/js/compiled/tictactoe.js" in 0.424 seconds.[0m
notifying browser that file changed:  resources/public/js/compiled/out/tictactoe/core.js
Compiling build :dev to "resources/public/js/compiled/tictactoe.js" from ["src"]...
[32mSuccessfully compiled build :dev to "resources/public/js/compiled/tictactoe.js" in 0.439 seconds.[0m
notifying browser that file changed:  resources/public/js/compiled/out/tictactoe/core.js
Compiling build :dev to "resources/public/js/compiled/tictactoe.js" from ["src"]...
[32mSuccessfully compiled build :dev to "resources/public/js/compiled/tictactoe.js" in 0.421 seconds.[0m
notifying browser that file changed:  resources/public/js/compiled/out/tictactoe/core.js
Compiling build :dev to "resources/public/js/compiled/tictactoe.js" from ["src"]...
[32mSuccessfully compiled build :dev to "resources/public/js/compiled/tictactoe.js" in 0.413 seconds.[0m
notifying browser that file changed:  resources/public/js/compiled/out/tictactoe/core.js
Compiling build :dev to "resources/public/js/compiled/tictactoe.js" from ["src"]...
[32mSuccessfully compiled build :dev to "resources/public/js/compiled/tictactoe.js" in 0.449 seconds.[0m
notifying browser that file changed:  resources/public/js/compiled/out/tictactoe/core.js
Compiling build :dev to "resources/public/js/compiled/tictactoe.js" from ["src"]...
[32mSuccessfully compiled build :dev to "resources/public/js/compiled/tictactoe.js" in 0.409 seconds.[0m
notifying browser that file changed:  resources/public/js/compiled/out/tictactoe/core.js
